<?xml version="1.0" encoding="UTF-8"?>
<!-- Generated by org.testng.reporters.JUnitXMLReporter -->
<testsuite hostname="Hardeep-PC" failures="1" tests="1" name="Run All Tests" time="27.94" errors="0" timestamp="31 Aug 2019 20:07:17 GMT">
  <testcase classname="org.snappet.runner.TestRunner" name="feature" time="27.357">
    <failure type="cucumber.runtime.CucumberException" message="java.lang.AssertionError: expected [true] but found [false]">
      <![CDATA[cucumber.runtime.CucumberException: java.lang.AssertionError: expected [true] but found [false]
	at cucumber.api.testng.TestNGCucumberRunner.runCucumber(TestNGCucumberRunner.java:69)
	at cucumber.api.testng.AbstractTestNGCucumberTests.feature(AbstractTestNGCucumberTests.java:21)
	at java.base/java.util.concurrent.FutureTask.run(FutureTask.java:264)
	at java.base/java.util.concurrent.ThreadPoolExecutor.runWorker(ThreadPoolExecutor.java:1167)
	at java.base/java.util.concurrent.ThreadPoolExecutor$Worker.run(ThreadPoolExecutor.java:641)
	at java.base/java.lang.Thread.run(Thread.java:844)
Caused by: java.lang.AssertionError: expected [true] but found [false]
	at org.snappet.stepdefinition.EditStepDefination.the_subject_should_be_removed_from_home_page(EditStepDefination.java:71)
	at ✽.Then the subject should be removed from home page(teachersDashboard.feature:30)
... Removed 20 stack frames]]>
    </failure>
  </testcase> <!-- feature -->
</testsuite> <!-- Run All Tests -->
