<?xml version="1.0" encoding="UTF-8"?>
<testng-results total="1" passed="1" failed="0" skipped="0">
  <reporter-output>
  </reporter-output>
  <suite started-at="2019-08-31T22:07:22Z" name="Testng Cucumber Suite" finished-at="2019-08-31T22:07:46Z" duration-ms="23803">
    <groups>
      <group name="cucumber">
        <method signature="AbstractTestNGCucumberTests.feature(cucumber.api.testng.CucumberFeatureWrapper)[pri:0, instance:org.snappet.runner.TestRunner@52102734]" name="feature" class="cucumber.api.testng.AbstractTestNGCucumberTests"/>
      </group> <!-- cucumber -->
    </groups>
    <test started-at="2019-08-31T22:07:22Z" name="Run All Tests" finished-at="2019-08-31T22:07:46Z" duration-ms="23803">
      <class name="org.snappet.runner.TestRunner">
        <test-method is-config="true" signature="setUpClass()[pri:0, instance:org.snappet.runner.TestRunner@52102734]" started-at="2019-09-01T00:07:22Z" name="setUpClass" finished-at="2019-09-01T00:07:23Z" duration-ms="331" status="PASS">
          <reporter-output>
          </reporter-output>
        </test-method> <!-- setUpClass -->
        <test-method signature="feature(cucumber.api.testng.CucumberFeatureWrapper)[pri:0, instance:org.snappet.runner.TestRunner@52102734]" started-at="2019-09-01T00:07:23Z" name="feature" description="Runs Cucumber Feature" data-provider="features" finished-at="2019-09-01T00:07:46Z" duration-ms="23192" status="PASS">
          <params>
            <param index="0">
              <value>
                <![CDATA[Managing subjects feature of the application]]>
              </value>
            </param>
          </params>
          <reporter-output>
          </reporter-output>
        </test-method> <!-- feature -->
        <test-method is-config="true" signature="tearDownClass()[pri:0, instance:org.snappet.runner.TestRunner@52102734]" started-at="2019-09-01T00:07:46Z" name="tearDownClass" finished-at="2019-09-01T00:07:46Z" duration-ms="111" status="PASS">
          <reporter-output>
          </reporter-output>
        </test-method> <!-- tearDownClass -->
      </class> <!-- org.snappet.runner.TestRunner -->
    </test> <!-- Run All Tests -->
  </suite> <!-- Testng Cucumber Suite -->
</testng-results>
