<?xml version="1.0" encoding="UTF-8"?>
<testng-results total="1" passed="1" failed="0" skipped="0">
  <reporter-output>
  </reporter-output>
  <suite started-at="2019-08-31T21:07:16Z" name="Testng Cucumber Suite" finished-at="2019-08-31T21:07:37Z" duration-ms="21005">
    <groups>
      <group name="cucumber">
        <method signature="AbstractTestNGCucumberTests.feature(cucumber.api.testng.CucumberFeatureWrapper)[pri:0, instance:org.snappet.runner.TestRunner@e1de817]" name="feature" class="cucumber.api.testng.AbstractTestNGCucumberTests"/>
      </group> <!-- cucumber -->
    </groups>
    <test started-at="2019-08-31T21:07:16Z" name="Run All Tests" finished-at="2019-08-31T21:07:37Z" duration-ms="21005">
      <class name="org.snappet.runner.TestRunner">
        <test-method is-config="true" signature="setUpClass()[pri:0, instance:org.snappet.runner.TestRunner@e1de817]" started-at="2019-08-31T23:07:16Z" name="setUpClass" finished-at="2019-08-31T23:07:17Z" duration-ms="328" status="PASS">
          <reporter-output>
          </reporter-output>
        </test-method> <!-- setUpClass -->
        <test-method signature="feature(cucumber.api.testng.CucumberFeatureWrapper)[pri:0, instance:org.snappet.runner.TestRunner@e1de817]" started-at="2019-08-31T23:07:17Z" name="feature" description="Runs Cucumber Feature" data-provider="features" finished-at="2019-08-31T23:07:37Z" duration-ms="20505" status="PASS">
          <params>
            <param index="0">
              <value>
                <![CDATA[Managing subjects feature of the application]]>
              </value>
            </param>
          </params>
          <reporter-output>
          </reporter-output>
        </test-method> <!-- feature -->
        <test-method is-config="true" signature="tearDownClass()[pri:0, instance:org.snappet.runner.TestRunner@e1de817]" started-at="2019-08-31T23:07:37Z" name="tearDownClass" finished-at="2019-08-31T23:07:37Z" duration-ms="27" status="PASS">
          <reporter-output>
          </reporter-output>
        </test-method> <!-- tearDownClass -->
      </class> <!-- org.snappet.runner.TestRunner -->
    </test> <!-- Run All Tests -->
  </suite> <!-- Testng Cucumber Suite -->
</testng-results>
